<?xml version="1.0" encoding="UTF-8"?>
<!-- Generated by org.testng.reporters.JUnitReportReporter -->
<testsuite hostname="HIBAWL126957" name="com.edureka.maven.LoginPage" tests="1" failures="0" timestamp="15 Sep 2019 14:09:18 GMT" time="7.342" errors="0">
  <testcase name="verifyGooglePageTittle" time="7.342" classname="com.edureka.maven.LoginPage"/>
</testsuite> <!-- com.edureka.maven.LoginPage -->
